<?xml version="1.0" encoding="UTF-8"?>
<testsuites>
	<testsuite tests="4" errors="0" failures="0" time="0.005" timestamp="2016-03-18T20:30:19">
		<testcase classname="Jasmine Walkthrough" name="#sayHey should returns the string &amp;quot;hey friends&amp;quot;" time="0.002">
		</testcase>
		<testcase classname="Jasmine Walkthrough" name="#sayHey should return a string" time="0.001">
		</testcase>
		<testcase classname="Jasmine Walkthrough" name="#sayHeyFriend should return the string &amp;apos;hey friends _name_&amp;apos;" time="0">
		</testcase>
		<testcase classname="Jasmine Walkthrough" name="#sayHeyFriend should return a string&amp;apos;" time="0">
		</testcase>
	</testsuite>
</testsuites>

